<?xml version="1.0" encoding="UTF-8"?>
<testsuite name="Cucumber.RunCukeTest" time="0.002" tests="16" errors="0" skipped="0" failures="0">
  <properties>
[...]
</properties>
  <testcase name="Given a valid google user is logged in" classname="| NewCucuTask1 | muthulakshmi88&apos;s list |" time="0.001"/>
  <testcase name="When he requested task &quot;NewCucuTask1&quot; creation under taskList &quot;muthulakshmi88&apos;s list&quot;" classname="| NewCucuTask1 | muthulakshmi88&apos;s list |" time="0"/>
  <testcase name="Then the task should be created" classname="| NewCucuTask1 | muthulakshmi88&apos;s list |" time="0"/>
  <testcase name="| NewCucuTask1 | muthulakshmi88&apos;s list |" classname="| NewCucuTask1 | muthulakshmi88&apos;s list |" time="0"/>
  <testcase name="Given a valid google user is logged in" classname="| NewCucuTask2 | muthulakshmi88&apos;s list |" time="0"/>
  <testcase name="When he requested task &quot;NewCucuTask2&quot; creation under taskList &quot;muthulakshmi88&apos;s list&quot;" classname="| NewCucuTask2 | muthulakshmi88&apos;s list |" time="0"/>
  <testcase name="Then the task should be created" classname="| NewCucuTask2 | muthulakshmi88&apos;s list |" time="0"/>
  <testcase name="| NewCucuTask2 | muthulakshmi88&apos;s list |" classname="| NewCucuTask2 | muthulakshmi88&apos;s list |" time="0"/>
  <testcase name="Given a valid google user is logged in" classname="| NewTask_POC1 | muthulakshmi88&apos;s list |" time="0"/>
  <testcase name="When he requested to move the task &quot;NewTask_POC1&quot; under taskList &quot;muthulakshmi88&apos;s list&quot;" classname="| NewTask_POC1 | muthulakshmi88&apos;s list |" time="0"/>
  <testcase name="Then the task should be moved" classname="| NewTask_POC1 | muthulakshmi88&apos;s list |" time="0"/>
  <testcase name="| NewTask_POC1 | muthulakshmi88&apos;s list |" classname="| NewTask_POC1 | muthulakshmi88&apos;s list |" time="0.001"/>
  <testcase name="Given a valid google user is logged in" classname="| NewTask_POC3 | muthulakshmi88&apos;s list |" time="0"/>
  <testcase name="When he requested to move the task &quot;NewTask_POC3&quot; under taskList &quot;muthulakshmi88&apos;s list&quot;" classname="| NewTask_POC3 | muthulakshmi88&apos;s list |" time="0"/>
  <testcase name="Then the task should be moved" classname="| NewTask_POC3 | muthulakshmi88&apos;s list |" time="0"/>
  <testcase name="| NewTask_POC3 | muthulakshmi88&apos;s list |" classname="| NewTask_POC3 | muthulakshmi88&apos;s list |" time="0"/>
</testsuite>